Build started 3/3/2022 11:05:04 PM.
     1>Project "c:\Users\Zain\documents\visual studio 2012\Projects\NewspaperMgmt\NewspaperMgmt\NewspaperMgmt.vcxproj" on node 2 (Build target(s)).
     1>ClCompile:
         C:\Program Files (x86)\Microsoft Visual Studio 11.0\VC\bin\CL.exe /c /ZI /nologo /W3 /WX- /sdl /Od /Oy- /D WIN32 /D _DEBUG /D _CONSOLE /D _UNICODE /D UNICODE /Gm /EHsc /RTC1 /MDd /GS /fp:precise /Zc:wchar_t /Zc:forScope /Yu"stdafx.h" /Fp"Debug\NewspaperMgmt.pch" /Fo"Debug\\" /Fd"Debug\vc110.pdb" /Gd /TP /analyze- /errorReport:prompt Editor.cpp NewspaperMgmt.cpp Reporter.cpp SubEditor.cpp
         SubEditor.cpp
         Reporter.cpp
         NewspaperMgmt.cpp
     1>c:\users\zain\documents\visual studio 2012\projects\newspapermgmt\newspapermgmt\newspapermgmt.cpp(1): warning C4627: '#include <iostream>': skipped when looking for precompiled header use
                 Add directive to 'stdafx.h' or rebuild precompiled header
         Editor.cpp
         Generating Code...
       Link:
         C:\Program Files (x86)\Microsoft Visual Studio 11.0\VC\bin\link.exe /ERRORREPORT:PROMPT /OUT:"c:\users\zain\documents\visual studio 2012\Projects\NewspaperMgmt\Debug\NewspaperMgmt.exe" /INCREMENTAL /NOLOGO kernel32.lib user32.lib gdi32.lib winspool.lib comdlg32.lib advapi32.lib shell32.lib ole32.lib oleaut32.lib uuid.lib odbc32.lib odbccp32.lib /MANIFEST /MANIFESTUAC:"level='asInvoker' uiAccess='false'" /manifest:embed /DEBUG /PDB:"c:\users\zain\documents\visual studio 2012\Projects\NewspaperMgmt\Debug\NewspaperMgmt.pdb" /SUBSYSTEM:CONSOLE /TLBID:1 /DYNAMICBASE /NXCOMPAT /IMPLIB:"c:\users\zain\documents\visual studio 2012\Projects\NewspaperMgmt\Debug\NewspaperMgmt.lib" /MACHINE:X86 Debug\Editor.obj
         Debug\NewspaperMgmt.obj
         Debug\Reporter.obj
         Debug\stdafx.obj
         Debug\SubEditor.obj
         NewspaperMgmt.vcxproj -> c:\users\zain\documents\visual studio 2012\Projects\NewspaperMgmt\Debug\NewspaperMgmt.exe
     1>Done Building Project "c:\Users\Zain\documents\visual studio 2012\Projects\NewspaperMgmt\NewspaperMgmt\NewspaperMgmt.vcxproj" (Build target(s)).

Build succeeded.

Time Elapsed 00:00:02.34
